android/build/intermediates/manifest_merge_blame_file/debug/manifest-merger-blame-debug-report.txt
1<?xml version="1.0" encoding="utf-8"?>
2<manifest xmlns:android="http://schemas.android.com/apk/res/android"
3    package="org.reactnative.camera"
4    android:versionCode="1"
5    android:versionName="1.0.0" >
6
7    <uses-sdk
8        android:minSdkVersion="16"
8-->src/main/AndroidManifest.xml
9        android:targetSdkVersion="26" />
9-->src/main/AndroidManifest.xml
10
11    <uses-permission android:name="android.permission.CAMERA" />
11-->src/main/AndroidManifest.xml:2:3-63
11-->src/main/AndroidManifest.xml:2:20-60
12
13    <uses-feature
13-->src/main/AndroidManifest.xml:4:3-83
14        android:name="android.hardware.camera"
14-->src/main/AndroidManifest.xml:4:17-55
15        android:required="false" />
15-->src/main/AndroidManifest.xml:4:56-80
16    <uses-feature
16-->src/main/AndroidManifest.xml:5:3-93
17        android:name="android.hardware.camera.autofocus"
17-->src/main/AndroidManifest.xml:5:17-65
18        android:required="false" />
18-->src/main/AndroidManifest.xml:5:66-90
19
20</manifest>